#
# There is insufficient memory for the Java Runtime Environment to continue.
# Native memory allocation (malloc) failed to allocate 135376 bytes for Chunk::new
# Possible reasons:
#   The system is out of physical RAM or swap space
#   The process is running with CompressedOops enabled, and the Java Heap may be blocking the growth of the native heap
# Possible solutions:
#   Reduce memory load on the system
#   Increase physical memory or swap space
#   Check if swap backing store is full
#   Decrease Java heap size (-Xmx/-Xms)
#   Decrease number of Java threads
#   Decrease Java thread stack sizes (-Xss)
#   Set larger code cache with -XX:ReservedCodeCacheSize=
#   JVM is running with Unscaled Compressed Oops mode in which the Java heap is
#     placed in the first 4GB address space. The Java Heap base address is the
#     maximum limit for the native heap growth. Please use -XX:HeapBaseMinAddress
#     to set the Java Heap base and to place the Java Heap above 4GB virtual address.
# This output file may be truncated or incomplete.
#
#  Out of Memory Error (arena.cpp:184), pid=17692, tid=23684
#
# JRE version: Java(TM) SE Runtime Environment (20.0.2+9) (build 20.0.2+9-78)
# Java VM: Java HotSpot(TM) 64-Bit Server VM (20.0.2+9-78, mixed mode, sharing, tiered, compressed oops, compressed class ptrs, g1 gc, windows-amd64)
# No core dump will be written. Minidumps are not enabled by default on client versions of Windows
#

---------------  S U M M A R Y ------------

Command Line: -Dfile.encoding=UTF-8 -agentlib:jdwp=transport=dt_shmem,address=javadebug1497 --module-path=C:\Users\yaneth\Documents\NetBeansProjects\LaB010P001--2311168\build\classes NewMain

Host: Intel(R) Core(TM) i3-3110M CPU @ 2.40GHz, 4 cores, 3G,  Windows 10 , 64 bit Build 19041 (10.0.19041.3570)
Time: Sat Nov 11 15:30:03 2023 Hora est. Pacífico, Sudamérica elapsed time: 0.689120 seconds (0d 0h 0m 0s)

---------------  T H R E A D  ---------------

Current thread (0x000001b4f9131cd0):  JavaThread "C2 CompilerThread0" daemon [_thread_in_native, id=23684, stack(0x0000009bc4700000,0x0000009bc4800000)]


Current CompileTask:
C2:    689  163       4       java.util.HashMap::putVal (300 bytes)

Stack: [0x0000009bc4700000,0x0000009bc4800000]
Native frames: (J=compiled Java code, j=interpreted, Vv=VM code, C=native code)
V  [jvm.dll+0x6bc25a]
V  [jvm.dll+0x84971a]
V  [jvm.dll+0x84b315]
V  [jvm.dll+0x84ba13]
V  [jvm.dll+0x280e4f]
V  [jvm.dll+0xc2ab1]
V  [jvm.dll+0xc2dd5]
V  [jvm.dll+0x2f611f]
V  [jvm.dll+0x5e3b0b]
V  [jvm.dll+0x254684]
V  [jvm.dll+0x24cb12]
V  [jvm.dll+0x24a819]
V  [jvm.dll+0x1ce761]
V  [jvm.dll+0x25a0eb]
V  [jvm.dll+0x2587c0]
V  [jvm.dll+0x3f2dd5]
V  [jvm.dll+0x7f5c76]
V  [jvm.dll+0x6baecb]
C  [ucrtbase.dll+0x21bb2]
C  [KERNEL32.DLL+0x17344]
C  [ntdll.dll+0x526b1]


---------------  P R O C E S S  ---------------

Threads class SMR info:
_java_thread_list=0x000001b4fd44a2f0, length=10, elements={
0x000001b49d489af0, 0x000001b4f9128390, 0x000001b4f9129330, 0x000001b4f912d490,
0x000001b4f912ddd0, 0x000001b4f912e710, 0x000001b4f912f050, 0x000001b4f9131cd0,
0x000001b4f91a2720, 0x000001b4fd44c140
}

Java Threads: ( => current thread )
  0x000001b49d489af0 JavaThread "main" [_thread_in_native, id=23600, stack(0x0000009bc3a00000,0x0000009bc3b00000)]
  0x000001b4f9128390 JavaThread "Reference Handler" daemon [_thread_blocked, id=23660, stack(0x0000009bc4100000,0x0000009bc4200000)]
  0x000001b4f9129330 JavaThread "Finalizer" daemon [_thread_blocked, id=23664, stack(0x0000009bc4200000,0x0000009bc4300000)]
  0x000001b4f912d490 JavaThread "Signal Dispatcher" daemon [_thread_blocked, id=23668, stack(0x0000009bc4300000,0x0000009bc4400000)]
  0x000001b4f912ddd0 JavaThread "Attach Listener" daemon [_thread_blocked, id=23672, stack(0x0000009bc4400000,0x0000009bc4500000)]
  0x000001b4f912e710 JavaThread "Service Thread" daemon [_thread_blocked, id=23676, stack(0x0000009bc4500000,0x0000009bc4600000)]
  0x000001b4f912f050 JavaThread "Monitor Deflation Thread" daemon [_thread_blocked, id=23680, stack(0x0000009bc4600000,0x0000009bc4700000)]
=>0x000001b4f9131cd0 JavaThread "C2 CompilerThread0" daemon [_thread_in_native, id=23684, stack(0x0000009bc4700000,0x0000009bc4800000)]
  0x000001b4f91a2720 JavaThread "C1 CompilerThread0" daemon [_thread_in_native, id=23696, stack(0x0000009bc4800000,0x0000009bc4900000)]
  0x000001b4fd44c140 JavaThread "Common-Cleaner" daemon [_thread_blocked, id=23708, stack(0x0000009bc4900000,0x0000009bc4a00000)]

Other Threads:
  0x000001b49d54a8e0 VMThread "VM Thread" [stack: 0x0000009bc4000000,0x0000009bc4100000] [id=23644]
  0x000001b49d4c9e90 WorkerThread "GC Thread#0" [stack: 0x0000009bc3b00000,0x0000009bc3c00000] [id=23612]
  0x000001b49d4d2970 ConcurrentGCThread "G1 Main Marker" [stack: 0x0000009bc3c00000,0x0000009bc3d00000] [id=23616]
  0x000001b49d4d4460 WorkerThread "G1 Conc#0" [stack: 0x0000009bc3d00000,0x0000009bc3e00000] [id=23620]
  0x000001b49d524d80 ConcurrentGCThread "G1 Refine#0" [stack: 0x0000009bc3e00000,0x0000009bc3f00000] [id=23624]
  0x000001b49d5258d0 ConcurrentGCThread "G1 Service" [stack: 0x0000009bc3f00000,0x0000009bc4000000] [id=23628]

Threads with active compile tasks:
C2 CompilerThread0      892  163       4       java.util.HashMap::putVal (300 bytes)
C1 CompilerThread0      892  168       1       java.util.KeyValueHolder::getKey (5 bytes)

VM state: not at safepoint (normal execution)

VM Mutex/Monitor currently owned by a thread: None

Heap address: 0x00000000c1a00000, size: 998 MB, Compressed Oops mode: 32-bit

CDS archive(s) mapped at: [0x000001b4b8000000-0x000001b4b8c60000-0x000001b4b8c60000), size 12976128, SharedBaseAddress: 0x000001b4b8000000, ArchiveRelocationMode: 1.
Compressed class space mapped at: 0x000001b4b9000000-0x000001b4f9000000, reserved size: 1073741824
Narrow klass base: 0x000001b4b8000000, Narrow klass shift: 0, Narrow klass range: 0x100000000

GC Precious Log:
 CardTable entry size: 512
 Card Set container configuration: InlinePtr #cards 5 size 8 Array Of Cards #cards 12 size 40 Howl #buckets 4 coarsen threshold 1843 Howl Bitmap #cards 512 size 80 coarsen threshold 460 Card regions per heap region 1 cards per card region 2048
 CPUs: 4 total, 4 available
 Memory: 3987M
 Large Page Support: Disabled
 NUMA Support: Disabled
 Compressed Oops: Enabled (32-bit)
 Heap Region Size: 1M
 Heap Min Capacity: 8M
 Heap Initial Capacity: 64M
 Heap Max Capacity: 998M
 Pre-touch: Disabled
 Parallel Workers: 4
 Concurrent Workers: 1
 Concurrent Refinement Workers: 4
 Periodic GC: Disabled

Heap:
 garbage-first heap   total 65536K, used 2048K [0x00000000c1a00000, 0x0000000100000000)
  region size 1024K, 3 young (3072K), 0 survivors (0K)
 Metaspace       used 318K, committed 512K, reserved 1114112K
  class space    used 21K, committed 128K, reserved 1048576K

Heap Regions: E=young(eden), S=young(survivor), O=old, HS=humongous(starts), HC=humongous(continues), CS=collection set, F=free, OA=open archive, CA=closed archive, TAMS=top-at-mark-start, PB=parsable bottom
|   0|0x00000000c1a00000, 0x00000000c1a00000, 0x00000000c1b00000|  0%| F|  |TAMS 0x00000000c1a00000| PB 0x00000000c1a00000| Untracked 
|   1|0x00000000c1b00000, 0x00000000c1b00000, 0x00000000c1c00000|  0%| F|  |TAMS 0x00000000c1b00000| PB 0x00000000c1b00000| Untracked 
|   2|0x00000000c1c00000, 0x00000000c1c00000, 0x00000000c1d00000|  0%| F|  |TAMS 0x00000000c1c00000| PB 0x00000000c1c00000| Untracked 
|   3|0x00000000c1d00000, 0x00000000c1d00000, 0x00000000c1e00000|  0%| F|  |TAMS 0x00000000c1d00000| PB 0x00000000c1d00000| Untracked 
|   4|0x00000000c1e00000, 0x00000000c1e00000, 0x00000000c1f00000|  0%| F|  |TAMS 0x00000000c1e00000| PB 0x00000000c1e00000| Untracked 
|   5|0x00000000c1f00000, 0x00000000c1f00000, 0x00000000c2000000|  0%| F|  |TAMS 0x00000000c1f00000| PB 0x00000000c1f00000| Untracked 
|   6|0x00000000c2000000, 0x00000000c2000000, 0x00000000c2100000|  0%| F|  |TAMS 0x00000000c2000000| PB 0x00000000c2000000| Untracked 
|   7|0x00000000c2100000, 0x00000000c2100000, 0x00000000c2200000|  0%| F|  |TAMS 0x00000000c2100000| PB 0x00000000c2100000| Untracked 
|   8|0x00000000c2200000, 0x00000000c2200000, 0x00000000c2300000|  0%| F|  |TAMS 0x00000000c2200000| PB 0x00000000c2200000| Untracked 
|   9|0x00000000c2300000, 0x00000000c2300000, 0x00000000c2400000|  0%| F|  |TAMS 0x00000000c2300000| PB 0x00000000c2300000| Untracked 
|  10|0x00000000c2400000, 0x00000000c2400000, 0x00000000c2500000|  0%| F|  |TAMS 0x00000000c2400000| PB 0x00000000c2400000| Untracked 
|  11|0x00000000c2500000, 0x00000000c2500000, 0x00000000c2600000|  0%| F|  |TAMS 0x00000000c2500000| PB 0x00000000c2500000| Untracked 
|  12|0x00000000c2600000, 0x00000000c2600000, 0x00000000c2700000|  0%| F|  |TAMS 0x00000000c2600000| PB 0x00000000c2600000| Untracked 
|  13|0x00000000c2700000, 0x00000000c2700000, 0x00000000c2800000|  0%| F|  |TAMS 0x00000000c2700000| PB 0x00000000c2700000| Untracked 
|  14|0x00000000c2800000, 0x00000000c2800000, 0x00000000c2900000|  0%| F|  |TAMS 0x00000000c2800000| PB 0x00000000c2800000| Untracked 
|  15|0x00000000c2900000, 0x00000000c2900000, 0x00000000c2a00000|  0%| F|  |TAMS 0x00000000c2900000| PB 0x00000000c2900000| Untracked 
|  16|0x00000000c2a00000, 0x00000000c2a00000, 0x00000000c2b00000|  0%| F|  |TAMS 0x00000000c2a00000| PB 0x00000000c2a00000| Untracked 
|  17|0x00000000c2b00000, 0x00000000c2b00000, 0x00000000c2c00000|  0%| F|  |TAMS 0x00000000c2b00000| PB 0x00000000c2b00000| Untracked 
|  18|0x00000000c2c00000, 0x00000000c2c00000, 0x00000000c2d00000|  0%| F|  |TAMS 0x00000000c2c00000| PB 0x00000000c2c00000| Untracked 
|  19|0x00000000c2d00000, 0x00000000c2d00000, 0x00000000c2e00000|  0%| F|  |TAMS 0x00000000c2d00000| PB 0x00000000c2d00000| Untracked 
|  20|0x00000000c2e00000, 0x00000000c2e00000, 0x00000000c2f00000|  0%| F|  |TAMS 0x00000000c2e00000| PB 0x00000000c2e00000| Untracked 
|  21|0x00000000c2f00000, 0x00000000c2f00000, 0x00000000c3000000|  0%| F|  |TAMS 0x00000000c2f00000| PB 0x00000000c2f00000| Untracked 
|  22|0x00000000c3000000, 0x00000000c3000000, 0x00000000c3100000|  0%| F|  |TAMS 0x00000000c3000000| PB 0x00000000c3000000| Untracked 
|  23|0x00000000c3100000, 0x00000000c3100000, 0x00000000c3200000|  0%| F|  |TAMS 0x00000000c3100000| PB 0x00000000c3100000| Untracked 
|  24|0x00000000c3200000, 0x00000000c3200000, 0x00000000c3300000|  0%| F|  |TAMS 0x00000000c3200000| PB 0x00000000c3200000| Untracked 
|  25|0x00000000c3300000, 0x00000000c3300000, 0x00000000c3400000|  0%| F|  |TAMS 0x00000000c3300000| PB 0x00000000c3300000| Untracked 
|  26|0x00000000c3400000, 0x00000000c3400000, 0x00000000c3500000|  0%| F|  |TAMS 0x00000000c3400000| PB 0x00000000c3400000| Untracked 
|  27|0x00000000c3500000, 0x00000000c3500000, 0x00000000c3600000|  0%| F|  |TAMS 0x00000000c3500000| PB 0x00000000c3500000| Untracked 
|  28|0x00000000c3600000, 0x00000000c3600000, 0x00000000c3700000|  0%| F|  |TAMS 0x00000000c3600000| PB 0x00000000c3600000| Untracked 
|  29|0x00000000c3700000, 0x00000000c3700000, 0x00000000c3800000|  0%| F|  |TAMS 0x00000000c3700000| PB 0x00000000c3700000| Untracked 
|  30|0x00000000c3800000, 0x00000000c3800000, 0x00000000c3900000|  0%| F|  |TAMS 0x00000000c3800000| PB 0x00000000c3800000| Untracked 
|  31|0x00000000c3900000, 0x00000000c3900000, 0x00000000c3a00000|  0%| F|  |TAMS 0x00000000c3900000| PB 0x00000000c3900000| Untracked 
|  32|0x00000000c3a00000, 0x00000000c3a00000, 0x00000000c3b00000|  0%| F|  |TAMS 0x00000000c3a00000| PB 0x00000000c3a00000| Untracked 
|  33|0x00000000c3b00000, 0x00000000c3b00000, 0x00000000c3c00000|  0%| F|  |TAMS 0x00000000c3b00000| PB 0x00000000c3b00000| Untracked 
|  34|0x00000000c3c00000, 0x00000000c3c00000, 0x00000000c3d00000|  0%| F|  |TAMS 0x00000000c3c00000| PB 0x00000000c3c00000| Untracked 
|  35|0x00000000c3d00000, 0x00000000c3d00000, 0x00000000c3e00000|  0%| F|  |TAMS 0x00000000c3d00000| PB 0x00000000c3d00000| Untracked 
|  36|0x00000000c3e00000, 0x00000000c3e00000, 0x00000000c3f00000|  0%| F|  |TAMS 0x00000000c3e00000| PB 0x00000000c3e00000| Untracked 
|  37|0x00000000c3f00000, 0x00000000c3f00000, 0x00000000c4000000|  0%| F|  |TAMS 0x00000000c3f00000| PB 0x00000000c3f00000| Untracked 
|  38|0x00000000c4000000, 0x00000000c4000000, 0x00000000c4100000|  0%| F|  |TAMS 0x00000000c4000000| PB 0x00000000c4000000| Untracked 
|  39|0x00000000c4100000, 0x00000000c4100000, 0x00000000c4200000|  0%| F|  |TAMS 0x00000000c4100000| PB 0x00000000c4100000| Untracked 
|  40|0x00000000c4200000, 0x00000000c4200000, 0x00000000c4300000|  0%| F|  |TAMS 0x00000000c4200000| PB 0x00000000c4200000| Untracked 
|  41|0x00000000c4300000, 0x00000000c4300000, 0x00000000c4400000|  0%| F|  |TAMS 0x00000000c4300000| PB 0x00000000c4300000| Untracked 
|  42|0x00000000c4400000, 0x00000000c4400000, 0x00000000c4500000|  0%| F|  |TAMS 0x00000000c4400000| PB 0x00000000c4400000| Untracked 
|  43|0x00000000c4500000, 0x00000000c4500000, 0x00000000c4600000|  0%| F|  |TAMS 0x00000000c4500000| PB 0x00000000c4500000| Untracked 
|  44|0x00000000c4600000, 0x00000000c4600000, 0x00000000c4700000|  0%| F|  |TAMS 0x00000000c4600000| PB 0x00000000c4600000| Untracked 
|  45|0x00000000c4700000, 0x00000000c4700000, 0x00000000c4800000|  0%| F|  |TAMS 0x00000000c4700000| PB 0x00000000c4700000| Untracked 
|  46|0x00000000c4800000, 0x00000000c4800000, 0x00000000c4900000|  0%| F|  |TAMS 0x00000000c4800000| PB 0x00000000c4800000| Untracked 
|  47|0x00000000c4900000, 0x00000000c4900000, 0x00000000c4a00000|  0%| F|  |TAMS 0x00000000c4900000| PB 0x00000000c4900000| Untracked 
|  48|0x00000000c4a00000, 0x00000000c4a00000, 0x00000000c4b00000|  0%| F|  |TAMS 0x00000000c4a00000| PB 0x00000000c4a00000| Untracked 
|  49|0x00000000c4b00000, 0x00000000c4b00000, 0x00000000c4c00000|  0%| F|  |TAMS 0x00000000c4b00000| PB 0x00000000c4b00000| Untracked 
|  50|0x00000000c4c00000, 0x00000000c4c00000, 0x00000000c4d00000|  0%| F|  |TAMS 0x00000000c4c00000| PB 0x00000000c4c00000| Untracked 
|  51|0x00000000c4d00000, 0x00000000c4d00000, 0x00000000c4e00000|  0%| F|  |TAMS 0x00000000c4d00000| PB 0x00000000c4d00000| Untracked 
|  52|0x00000000c4e00000, 0x00000000c4e00000, 0x00000000c4f00000|  0%| F|  |TAMS 0x00000000c4e00000| PB 0x00000000c4e00000| Untracked 
|  53|0x00000000c4f00000, 0x00000000c4f00000, 0x00000000c5000000|  0%| F|  |TAMS 0x00000000c4f00000| PB 0x00000000c4f00000| Untracked 
|  54|0x00000000c5000000, 0x00000000c5000000, 0x00000000c5100000|  0%| F|  |TAMS 0x00000000c5000000| PB 0x00000000c5000000| Untracked 
|  55|0x00000000c5100000, 0x00000000c5100000, 0x00000000c5200000|  0%| F|  |TAMS 0x00000000c5100000| PB 0x00000000c5100000| Untracked 
|  56|0x00000000c5200000, 0x00000000c5200000, 0x00000000c5300000|  0%| F|  |TAMS 0x00000000c5200000| PB 0x00000000c5200000| Untracked 
|  57|0x00000000c5300000, 0x00000000c5300000, 0x00000000c5400000|  0%| F|  |TAMS 0x00000000c5300000| PB 0x00000000c5300000| Untracked 
|  58|0x00000000c5400000, 0x00000000c5400000, 0x00000000c5500000|  0%| F|  |TAMS 0x00000000c5400000| PB 0x00000000c5400000| Untracked 
|  59|0x00000000c5500000, 0x00000000c5500000, 0x00000000c5600000|  0%| F|  |TAMS 0x00000000c5500000| PB 0x00000000c5500000| Untracked 
|  60|0x00000000c5600000, 0x00000000c5600000, 0x00000000c5700000|  0%| F|  |TAMS 0x00000000c5600000| PB 0x00000000c5600000| Untracked 
|  61|0x00000000c5700000, 0x00000000c5743100, 0x00000000c5800000| 26%| E|  |TAMS 0x00000000c5700000| PB 0x00000000c5700000| Complete 
|  62|0x00000000c5800000, 0x00000000c5900000, 0x00000000c5900000|100%| E|CS|TAMS 0x00000000c5800000| PB 0x00000000c5800000| Complete 
|  63|0x00000000c5900000, 0x00000000c5a00000, 0x00000000c5a00000|100%| E|CS|TAMS 0x00000000c5900000| PB 0x00000000c5900000| Complete 

Card table byte_map: [0x000001b4b4770000,0x000001b4b4970000] _byte_map_base: 0x000001b4b4163000

Marking Bits: (CMBitMap*) 0x000001b49d4ca3d0
 Bits: [0x000001b4b4b70000, 0x000001b4b5b08000)

Polling page: 0x000001b49b620000

Metaspace:

Usage:
  Non-class:    296.82 KB used.
      Class:     21.47 KB used.
       Both:    318.29 KB used.

Virtual space:
  Non-class space:       64.00 MB reserved,     384.00 KB ( <1%) committed,  1 nodes.
      Class space:        1.00 GB reserved,     128.00 KB ( <1%) committed,  1 nodes.
             Both:        1.06 GB reserved,     512.00 KB ( <1%) committed. 

Chunk freelists:
   Non-Class:  4.00 MB
       Class:  3.75 MB
        Both:  7.74 MB

MaxMetaspaceSize: unlimited
CompressedClassSpaceSize: 1.00 GB
Initial GC threshold: 21.00 MB
Current GC threshold: 21.00 MB
CDS: on
MetaspaceReclaimPolicy: balanced
 - commit_granule_bytes: 65536.
 - commit_granule_words: 8192.
 - virtual_space_node_default_size: 8388608.
 - enlarge_chunks_in_place: 1.
 - new_chunks_are_fully_committed: 0.
 - uncommit_free_chunks: 1.
 - use_allocation_guard: 0.


Internal statistics:

num_allocs_failed_limit: 0.
num_arena_births: 6.
num_arena_deaths: 0.
num_vsnodes_births: 2.
num_vsnodes_deaths: 0.
num_space_committed: 8.
num_space_uncommitted: 0.
num_chunks_returned_to_freelist: 0.
num_chunks_taken_from_freelist: 7.
num_chunk_merges: 0.
num_chunk_splits: 4.
num_chunks_enlarged: 2.
num_inconsistent_stats: 0.

CodeHeap 'non-profiled nmethods': size=120000Kb used=51Kb max_used=51Kb free=119948Kb
 bounds [0x000001b4ad040000, 0x000001b4ad2b0000, 0x000001b4b4570000]
CodeHeap 'profiled nmethods': size=120000Kb used=183Kb max_used=183Kb free=119816Kb
 bounds [0x000001b4a5570000, 0x000001b4a57e0000, 0x000001b4acaa0000]
CodeHeap 'non-nmethods': size=5760Kb used=1380Kb max_used=1393Kb free=4379Kb
 bounds [0x000001b4acaa0000, 0x000001b4acd10000, 0x000001b4ad040000]
 total_blobs=541 nmethods=166 adapters=286
 compilation: enabled
              stopped_count=0, restarted_count=0
 full_count=0

Compilation events (20 events):
Event: 0.663 Thread 0x000001b4f91a2720 nmethod 157 0x000001b4a559c010 code [0x000001b4a559c1a0, 0x000001b4a559c370]
Event: 0.663 Thread 0x000001b4f91a2720  158       3       java.lang.StringLatin1::lastIndexOf (125 bytes)
Event: 0.664 Thread 0x000001b4f91a2720 nmethod 158 0x000001b4a559c490 code [0x000001b4a559c660, 0x000001b4a559cb10]
Event: 0.664 Thread 0x000001b4f91a2720  159       1       java.util.HashMap$Node::getKey (5 bytes)
Event: 0.664 Thread 0x000001b4f9131cd0 nmethod 156 0x000001b4ad04ba90 code [0x000001b4ad04bc00, 0x000001b4ad04bd30]
Event: 0.664 Thread 0x000001b4f91a2720 nmethod 159 0x000001b4ad04be90 code [0x000001b4ad04c000, 0x000001b4ad04c0c8]
Event: 0.664 Thread 0x000001b4f91a2720  160       1       java.util.HashMap$Node::getValue (5 bytes)
Event: 0.665 Thread 0x000001b4f91a2720 nmethod 160 0x000001b4ad04c190 code [0x000001b4ad04c300, 0x000001b4ad04c3c8]
Event: 0.665 Thread 0x000001b4f9131cd0  161       4       java.lang.module.ModuleDescriptor$Exports::isQualified (18 bytes)
Event: 0.667 Thread 0x000001b4f9131cd0 nmethod 161 0x000001b4ad04c490 code [0x000001b4ad04c600, 0x000001b4ad04c6d8]
Event: 0.668 Thread 0x000001b4f91a2720  162       1       java.lang.module.ModuleDescriptor::uses (5 bytes)
Event: 0.668 Thread 0x000001b4f91a2720 nmethod 162 0x000001b4ad04c790 code [0x000001b4ad04c900, 0x000001b4ad04c9c8]
Event: 0.669 Thread 0x000001b4f9131cd0  163       4       java.util.HashMap::putVal (300 bytes)
Event: 0.670 Thread 0x000001b4f91a2720  165       3       java.util.HashMap$KeySet::iterator (12 bytes)
Event: 0.671 Thread 0x000001b4f91a2720 nmethod 165 0x000001b4a559ce10 code [0x000001b4a559cfa0, 0x000001b4a559d1b0]
Event: 0.671 Thread 0x000001b4f91a2720  166       3       java.util.HashSet::iterator (13 bytes)
Event: 0.671 Thread 0x000001b4f91a2720 nmethod 166 0x000001b4a559d290 code [0x000001b4a559d440, 0x000001b4a559d6d0]
Event: 0.672 Thread 0x000001b4f91a2720  167       3       jdk.internal.util.Preconditions::checkFromToIndex (24 bytes)
Event: 0.672 Thread 0x000001b4f91a2720 nmethod 167 0x000001b4a559d810 code [0x000001b4a559d9a0, 0x000001b4a559dba0]
Event: 0.675 Thread 0x000001b4f91a2720  168       1       java.util.KeyValueHolder::getKey (5 bytes)

GC Heap History (0 events):
No events

Dll operation events (4 events):
Event: 0.032 Loaded shared library C:\Program Files\Java\jdk-20\bin\java.dll
Event: 0.202 Loaded shared library C:\Program Files\Java\jdk-20\bin\jsvml.dll
Event: 0.611 Loaded shared library C:\Program Files\Java\jdk-20\bin\net.dll
Event: 0.618 Loaded shared library C:\Program Files\Java\jdk-20\bin\nio.dll

Deoptimization events (0 events):
No events

Classes loaded (20 events):
Event: 0.625 Loading class java/nio/file/DirectoryStream done
Event: 0.625 Loading class sun/nio/fs/WindowsDirectoryStream done
Event: 0.626 Loading class sun/nio/fs/WindowsDirectoryStream$WindowsDirectoryIterator
Event: 0.626 Loading class sun/nio/fs/WindowsDirectoryStream$WindowsDirectoryIterator done
Event: 0.626 Loading class sun/nio/fs/WindowsPath$WindowsPathWithAttributes
Event: 0.626 Loading class sun/nio/fs/BasicFileAttributesHolder
Event: 0.626 Loading class sun/nio/fs/BasicFileAttributesHolder done
Event: 0.626 Loading class sun/nio/fs/WindowsPath$WindowsPathWithAttributes done
Event: 0.628 Loading class java/nio/file/attribute/FileAttribute
Event: 0.629 Loading class java/nio/file/attribute/FileAttribute done
Event: 0.629 Loading class sun/nio/fs/WindowsSecurityDescriptor
Event: 0.629 Loading class sun/nio/fs/WindowsSecurityDescriptor done
Event: 0.629 Loading class sun/nio/fs/WindowsChannelFactory
Event: 0.630 Loading class sun/nio/fs/WindowsChannelFactory done
Event: 0.630 Loading class sun/nio/fs/WindowsChannelFactory$1
Event: 0.630 Loading class sun/nio/fs/WindowsChannelFactory$1 done
Event: 0.630 Loading class sun/nio/fs/WindowsChannelFactory$Flags
Event: 0.630 Loading class sun/nio/fs/WindowsChannelFactory$Flags done
Event: 0.638 Loading class jdk/internal/module/ModuleReferenceImpl$CachedHash
Event: 0.639 Loading class jdk/internal/module/ModuleReferenceImpl$CachedHash done

Classes unloaded (0 events):
No events

Classes redefined (0 events):
No events

Internal exceptions (3 events):
Event: 0.621 Thread 0x000001b49d489af0 Exception <a 'sun/nio/fs/WindowsException'{0x00000000c583e688}> (0x00000000c583e688) 
thrown [s\open\src\hotspot\share\prims\jni.cpp, line 519]
Event: 0.630 Thread 0x000001b49d489af0 Exception <a 'sun/nio/fs/WindowsException'{0x00000000c5841038}> (0x00000000c5841038) 
thrown [s\open\src\hotspot\share\prims\jni.cpp, line 519]
Event: 0.632 Thread 0x000001b49d489af0 Exception <a 'sun/nio/fs/WindowsException'{0x00000000c5842920}> (0x00000000c5842920) 
thrown [s\open\src\hotspot\share\prims\jni.cpp, line 519]

VM Operations (2 events):
Event: 0.636 Executing VM operation: HandshakeAllThreads
Event: 0.636 Executing VM operation: HandshakeAllThreads done

Events (10 events):
Event: 0.203 Thread 0x000001b49d489af0 Thread added: 0x000001b49d489af0
Event: 0.329 Thread 0x000001b4f9128390 Thread added: 0x000001b4f9128390
Event: 0.329 Thread 0x000001b4f9129330 Thread added: 0x000001b4f9129330
Event: 0.330 Thread 0x000001b4f912d490 Thread added: 0x000001b4f912d490
Event: 0.330 Thread 0x000001b4f912ddd0 Thread added: 0x000001b4f912ddd0
Event: 0.330 Thread 0x000001b4f912e710 Thread added: 0x000001b4f912e710
Event: 0.330 Thread 0x000001b4f912f050 Thread added: 0x000001b4f912f050
Event: 0.331 Thread 0x000001b4f9131cd0 Thread added: 0x000001b4f9131cd0
Event: 0.390 Thread 0x000001b4f91a2720 Thread added: 0x000001b4f91a2720
Event: 0.549 Thread 0x000001b4fd44c140 Thread added: 0x000001b4fd44c140


Dynamic libraries:
0x00007ff772480000 - 0x00007ff772490000 	C:\Program Files\Java\jdk-20\bin\java.exe
0x00007fff07b90000 - 0x00007fff07d87000 	C:\Windows\SYSTEM32\ntdll.dll
0x00007fff07040000 - 0x00007fff070fd000 	C:\Windows\System32\KERNEL32.DLL
0x00007fff05510000 - 0x00007fff05806000 	C:\Windows\System32\KERNELBASE.dll
0x00007fff05810000 - 0x00007fff05910000 	C:\Windows\System32\ucrtbase.dll
0x00007ffee06d0000 - 0x00007ffee06eb000 	C:\Program Files\Java\jdk-20\bin\VCRUNTIME140.dll
0x00007ffee8570000 - 0x00007ffee8589000 	C:\Program Files\Java\jdk-20\bin\jli.dll
0x00007fff067b0000 - 0x00007fff0685e000 	C:\Windows\System32\ADVAPI32.dll
0x00007fff06f70000 - 0x00007fff0700e000 	C:\Windows\System32\msvcrt.dll
0x00007fff05fc0000 - 0x00007fff0605c000 	C:\Windows\System32\sechost.dll
0x00007fff05de0000 - 0x00007fff05f06000 	C:\Windows\System32\RPCRT4.dll
0x00007fff06bc0000 - 0x00007fff06d5e000 	C:\Windows\System32\USER32.dll
0x00007fff053c0000 - 0x00007fff053e2000 	C:\Windows\System32\win32u.dll
0x00007fff07010000 - 0x00007fff0703c000 	C:\Windows\System32\GDI32.dll
0x00007fff053f0000 - 0x00007fff0550a000 	C:\Windows\System32\gdi32full.dll
0x00007fff05960000 - 0x00007fff059fd000 	C:\Windows\System32\msvcp_win.dll
0x00007ffedaa90000 - 0x00007ffedad2a000 	C:\Windows\WinSxS\amd64_microsoft.windows.common-controls_6595b64144ccf1df_6.0.19041.3570_none_60bb2a3971f3e41a\COMCTL32.dll
0x00007ffef9690000 - 0x00007ffef969a000 	C:\Windows\SYSTEM32\VERSION.dll
0x00007fff05f90000 - 0x00007fff05fc0000 	C:\Windows\System32\IMM32.DLL
0x00007ffefde40000 - 0x00007ffefde4c000 	C:\Program Files\Java\jdk-20\bin\vcruntime140_1.dll
0x00007ffecc8b0000 - 0x00007ffecc93e000 	C:\Program Files\Java\jdk-20\bin\msvcp140.dll
0x00007ffe9cc30000 - 0x00007ffe9d8c8000 	C:\Program Files\Java\jdk-20\bin\server\jvm.dll
0x00007ffefe460000 - 0x00007ffefe469000 	C:\Windows\SYSTEM32\WSOCK32.dll
0x00007fff06d60000 - 0x00007fff06dcb000 	C:\Windows\System32\WS2_32.dll
0x00007ffee53e0000 - 0x00007ffee5407000 	C:\Windows\SYSTEM32\WINMM.dll
0x00007fff03110000 - 0x00007fff03122000 	C:\Windows\SYSTEM32\kernel.appcore.dll
0x00007ffee9520000 - 0x00007ffee952a000 	C:\Program Files\Java\jdk-20\bin\jimage.dll
0x00007ffef9760000 - 0x00007ffef9944000 	C:\Windows\SYSTEM32\DBGHELP.DLL
0x00007ffef96a0000 - 0x00007ffef96d4000 	C:\Windows\SYSTEM32\dbgcore.DLL
0x00007fff05b60000 - 0x00007fff05be2000 	C:\Windows\System32\bcryptPrimitives.dll
0x00007ffee8370000 - 0x00007ffee83ac000 	C:\Program Files\Java\jdk-20\bin\jdwp.dll
0x00007ffed8e70000 - 0x00007ffed8e96000 	C:\Program Files\Java\jdk-20\bin\java.dll
0x00007ffeca510000 - 0x00007ffeca5e7000 	C:\Program Files\Java\jdk-20\bin\jsvml.dll
0x00007fff06060000 - 0x00007fff067a4000 	C:\Windows\System32\SHELL32.dll
0x00007fff03310000 - 0x00007fff03aab000 	C:\Windows\SYSTEM32\windows.storage.dll
0x00007fff06860000 - 0x00007fff06bb4000 	C:\Windows\System32\combase.dll
0x00007fff04be0000 - 0x00007fff04c0d000 	C:\Windows\SYSTEM32\Wldp.dll
0x00007fff05c50000 - 0x00007fff05cfd000 	C:\Windows\System32\SHCORE.dll
0x00007fff05bf0000 - 0x00007fff05c45000 	C:\Windows\System32\shlwapi.dll
0x00007fff051a0000 - 0x00007fff051c5000 	C:\Windows\SYSTEM32\profapi.dll
0x00007ffedd7a0000 - 0x00007ffedd7b3000 	C:\Program Files\Java\jdk-20\bin\net.dll
0x00007ffefa1b0000 - 0x00007ffefa2ba000 	C:\Windows\SYSTEM32\WINHTTP.dll
0x00007fff04940000 - 0x00007fff049aa000 	C:\Windows\system32\mswsock.dll
0x00007ffedd660000 - 0x00007ffedd676000 	C:\Program Files\Java\jdk-20\bin\nio.dll
0x00007ffee85c0000 - 0x00007ffee85cb000 	C:\Program Files\Java\jdk-20\bin\dt_shmem.dll

dbghelp: loaded successfully - version: 4.0.5 - missing functions: none
symbol engine: initialized successfully - sym options: 0x614 - pdb path: .;C:\Program Files\Java\jdk-20\bin;C:\Windows\SYSTEM32;C:\Windows\WinSxS\amd64_microsoft.windows.common-controls_6595b64144ccf1df_6.0.19041.3570_none_60bb2a3971f3e41a;C:\Program Files\Java\jdk-20\bin\server

VM Arguments:
jvm_args: -Dfile.encoding=UTF-8 -agentlib:jdwp=transport=dt_shmem,address=javadebug1497 --module-path=C:\Users\yaneth\Documents\NetBeansProjects\LaB010P001--2311168\build\classes 
java_command: NewMain
java_class_path (initial): C:\Users\yaneth\Documents\NetBeansProjects\LaB010P001--2311168\build\classes
Launcher Type: SUN_STANDARD

[Global flags]
     intx CICompilerCount                          = 3                                         {product} {ergonomic}
     uint ConcGCThreads                            = 1                                         {product} {ergonomic}
     uint G1ConcRefinementThreads                  = 4                                         {product} {ergonomic}
   size_t G1HeapRegionSize                         = 1048576                                   {product} {ergonomic}
    uintx GCDrainStackTargetSize                   = 64                                        {product} {ergonomic}
   size_t InitialHeapSize                          = 67108864                                  {product} {ergonomic}
   size_t MarkStackSize                            = 4194304                                   {product} {ergonomic}
   size_t MaxHeapSize                              = 1046478848                                {product} {ergonomic}
   size_t MaxNewSize                               = 627048448                                 {product} {ergonomic}
   size_t MinHeapDeltaBytes                        = 1048576                                   {product} {ergonomic}
   size_t MinHeapSize                              = 8388608                                   {product} {ergonomic}
    uintx NonNMethodCodeHeapSize                   = 5832780                                {pd product} {ergonomic}
    uintx NonProfiledCodeHeapSize                  = 122912730                              {pd product} {ergonomic}
    uintx ProfiledCodeHeapSize                     = 122912730                              {pd product} {ergonomic}
    uintx ReservedCodeCacheSize                    = 251658240                              {pd product} {ergonomic}
     bool SegmentedCodeCache                       = true                                      {product} {ergonomic}
   size_t SoftMaxHeapSize                          = 1046478848                             {manageable} {ergonomic}
     bool UseCompressedClassPointers               = true                           {product lp64_product} {ergonomic}
     bool UseCompressedOops                        = true                           {product lp64_product} {ergonomic}
     bool UseG1GC                                  = true                                      {product} {ergonomic}
     bool UseLargePagesIndividualAllocation        = false                                  {pd product} {ergonomic}

Logging:
Log output configuration:
 #0: stdout all=warning uptime,level,tags foldmultilines=false
 #1: stderr all=off uptime,level,tags foldmultilines=false

Environment Variables:
PATH=C:\Program Files\Common Files\Oracle\Java\javapath;C:\Windows\system32;C:\Windows;C:\Windows\System32\Wbem;C:\Windows\System32\WindowsPowerShell\v1.0\;C:\Windows\System32\OpenSSH\;C:\Users\yaneth\AppData\Local\Microsoft\WindowsApps;
USERNAME=yaneth
OS=Windows_NT
PROCESSOR_IDENTIFIER=Intel64 Family 6 Model 58 Stepping 9, GenuineIntel
TMP=C:\Users\yaneth\AppData\Local\Temp
TEMP=C:\Users\yaneth\AppData\Local\Temp




---------------  S Y S T E M  ---------------

OS:
 Windows 10 , 64 bit Build 19041 (10.0.19041.3570)
OS uptime: 21 days 21:44 hours

CPU: total 4 (initial active 4) (2 cores per cpu, 2 threads per core) family 6 model 58 stepping 9 microcode 0x21, cx8, cmov, fxsr, ht, mmx, sse, sse2, sse3, ssse3, sse4.1, sse4.2, popcnt, tsc, tscinvbit, avx, erms, clmul, vzeroupper, clflush, rdtscp, f16c

Memory: 4k page, system-wide physical 3987M (91M free)
TotalPageFile size 16275M (AvailPageFile size 0M)
current process WorkingSet (physical memory assigned to process): 35M, peak: 35M
current process commit charge ("private bytes"): 134M, peak: 134M

vm_info: Java HotSpot(TM) 64-Bit Server VM (20.0.2+9-78) for windows-amd64 JRE (20.0.2+9-78), built on 2023-06-14T10:08:48Z by "mach5one" with MS VC++ 17.1 (VS2022)

END.
